<?xml version="1.0" encoding="utf-8"?><testsuites name="pytest tests"><testsuite name="pytest" errors="0" failures="0" skipped="0" tests="11" time="0.975" timestamp="2026-06-23T11:14:12.907523+00:00" hostname="agent-env-bc6efd55-ef3e-48c8-a0b9-93dc16c9b7cf"><testcase classname="backend.tests.test_empire_api.TestHealth" name="test_root" time="0.268" /><testcase classname="backend.tests.test_empire_api.TestReservations" name="test_create_reservation_success_and_persist" time="0.104" /><testcase classname="backend.tests.test_empire_api.TestReservations" name="test_create_reservation_without_optional_fields" time="0.048" /><testcase classname="backend.tests.test_empire_api.TestReservations" name="test_invalid_guests_zero" time="0.048" /><testcase classname="backend.tests.test_empire_api.TestReservations" name="test_invalid_guests_too_many" time="0.045" /><testcase classname="backend.tests.test_empire_api.TestReservations" name="test_missing_required_fields" time="0.053" /><testcase classname="backend.tests.test_empire_api.TestReservations" name="test_short_name_validation" time="0.046" /><testcase classname="backend.tests.test_empire_api.TestReservations" name="test_list_reservations_no_mongo_id_leak" time="0.046" /><testcase classname="backend.tests.test_empire_api.TestContact" name="test_create_contact_success" time="0.061" /><testcase classname="backend.tests.test_empire_api.TestContact" name="test_contact_invalid_email" time="0.047" /><testcase classname="backend.tests.test_empire_api.TestContact" name="test_contact_missing_fields" time="0.045" /></testsuite></testsuites>